2024-12-11 09:25:06,219 ERROR: 创建志愿失败: 'NoneType' object has no attribute 'schools' [in /home/devbox/project/routes/volunteers.py:41]
2024-12-11 09:26:51,875 INFO: 艺术生志愿填报系统启动 [in /home/devbox/project/utils/logger.py:23]
2024-12-11 09:26:51,885 ERROR: MongoDB连接失败: Authentication failed., full error: {'operationTime': Timestamp(1733909211, 1), 'ok': 0.0, 'errmsg': 'Authentication failed.', 'code': 18, 'codeName': 'AuthenticationFailed', '$clusterTime': {'clusterTime': Timestamp(1733909211, 1), 'signature': {'hash': b'\xe5\xf7*\xf56o\x04P\x1bUN\xee\xc73\xf3j\xbf\x9b\x896', 'keyId': 7447062009490702341}}} [in /home/devbox/project/app.py:26]
2024-12-11 09:29:40,852 INFO: 艺术生志愿填报系统启动 [in /home/devbox/project/utils/logger.py:23]
2024-12-11 09:29:40,862 ERROR: MongoDB连接失败: Authentication failed., full error: {'operationTime': Timestamp(1733909368, 8), 'ok': 0.0, 'errmsg': 'Authentication failed.', 'code': 18, 'codeName': 'AuthenticationFailed', '$clusterTime': {'clusterTime': Timestamp(1733909368, 8), 'signature': {'hash': b'M\xdeF\x0f\xab?\xfd\x1b\xb9\x91\x89\xbc\x12\xe8\xfbp b7\xf1', 'keyId': 7447062009490702341}}} [in /home/devbox/project/app.py:26]
2024-12-11 09:30:34,569 INFO: 艺术生志愿填报系统启动 [in /home/devbox/project/utils/logger.py:23]
2024-12-11 09:30:34,579 ERROR: MongoDB连接失败: Authentication failed., full error: {'operationTime': Timestamp(1733909431, 1), 'ok': 0.0, 'errmsg': 'Authentication failed.', 'code': 18, 'codeName': 'AuthenticationFailed', '$clusterTime': {'clusterTime': Timestamp(1733909431, 1), 'signature': {'hash': b'@\xc4\xc3\xb1\x8b\x9e\x96\x9b\xe0b\x85\x9d\xa4\x11\xddL\xe5\xb3g\x81', 'keyId': 7447062009490702341}}} [in /home/devbox/project/app.py:26]
2024-12-11 09:33:13,707 INFO: 艺术生志愿填报系统启动 [in /home/devbox/project/utils/logger.py:23]
2024-12-11 09:33:13,716 ERROR: MongoDB连接失败: Authentication failed., full error: {'operationTime': Timestamp(1733909591, 1), 'ok': 0.0, 'errmsg': 'Authentication failed.', 'code': 18, 'codeName': 'AuthenticationFailed', '$clusterTime': {'clusterTime': Timestamp(1733909591, 1), 'signature': {'hash': b'\xc9\xc9W\x005\xdf\xb2R\xb7n\x08g\x02\xf3\xd3\xd5\x12\xa9NG', 'keyId': 7447062009490702341}}} [in /home/devbox/project/app.py:26]
2024-12-11 09:36:27,239 INFO: 艺术生志愿填报系统启动 [in /home/devbox/project/utils/logger.py:23]
2024-12-11 09:36:27,259 INFO: MongoDB连接成功 [in /home/devbox/project/app.py:24]
2024-12-11 09:36:27,473 INFO: 艺术生志愿填报系统启动 [in /home/devbox/project/utils/logger.py:23]
2024-12-11 09:36:27,497 INFO: MongoDB连接成功 [in /home/devbox/project/app.py:24]
2024-12-11 09:38:53,774 INFO: 艺术生志愿填报系统启动 [in /home/devbox/project/utils/logger.py:23]
2024-12-11 09:38:53,785 ERROR: MongoDB连接失败: Authentication failed., full error: {'operationTime': Timestamp(1733909927, 3), 'ok': 0.0, 'errmsg': 'Authentication failed.', 'code': 18, 'codeName': 'AuthenticationFailed', '$clusterTime': {'clusterTime': Timestamp(1733909927, 3), 'signature': {'hash': b'\x08_\xedQBj\x16O\xef,\x97\x1a\xbc\xd3/\xfb\xc1\x89\x1c\x1e', 'keyId': 7447062009490702341}}} [in /home/devbox/project/app.py:26]
2024-12-11 09:41:44,079 INFO: 艺术生志愿填报系统启动 [in /home/devbox/project/utils/logger.py:23]
2024-12-11 09:41:44,080 ERROR: MongoDB连接失败: 'NoneType' object has no attribute 'command' [in /home/devbox/project/app.py:26]
2024-12-11 09:42:10,583 INFO: 艺术生志愿填报系统启动 [in /home/devbox/project/utils/logger.py:23]
2024-12-11 09:42:10,806 INFO: 艺术生志愿填报系统启动 [in /home/devbox/project/utils/logger.py:23]
2024-12-11 09:42:17,041 ERROR: 创建志愿失败: 'NoneType' object has no attribute 'schools' [in /home/devbox/project/routes/volunteers.py:41]
2024-12-11 09:42:17,068 ERROR: 创建志愿失败: 'NoneType' object has no attribute 'schools' [in /home/devbox/project/routes/volunteers.py:41]
2024-12-11 09:43:55,509 INFO: 艺术生志愿填报系统启动 [in /home/devbox/project/utils/logger.py:23]
2024-12-11 09:44:36,964 INFO: 艺术生志愿填报系统启动 [in /home/devbox/project/utils/logger.py:23]
2024-12-11 09:44:45,320 ERROR: 创建志愿失败: 'NoneType' object has no attribute 'schools' [in /home/devbox/project/routes/volunteers.py:41]
2024-12-11 09:44:56,322 INFO: 艺术生志愿填报系统启动 [in /home/devbox/project/utils/logger.py:23]
2024-12-11 09:45:03,969 ERROR: 获取学校列表失败: 'NoneType' object has no attribute 'schools' [in /home/devbox/project/routes/schools.py:19]
2024-12-11 09:45:03,995 ERROR: 创建志愿失败: 'NoneType' object has no attribute 'schools' [in /home/devbox/project/routes/volunteers.py:41]
2024-12-11 09:45:08,639 INFO: 艺术生志愿填报系统启动 [in /home/devbox/project/utils/logger.py:23]
2024-12-11 09:45:32,584 ERROR: 获取学校列表失败: 'NoneType' object has no attribute 'schools' [in /home/devbox/project/routes/schools.py:19]
2024-12-11 09:46:34,268 INFO: 艺术生志愿填报系统启动 [in /home/devbox/project/utils/logger.py:23]
2024-12-11 09:46:40,832 ERROR: 获取学校列表失败: 'NoneType' object has no attribute 'schools' [in /home/devbox/project/routes/schools.py:19]
2024-12-11 09:48:09,032 ERROR: 获取学校列表失败: 'NoneType' object has no attribute 'schools' [in /home/devbox/project/routes/schools.py:19]
2024-12-11 09:51:03,620 INFO: 艺术生志愿填报系统启动 [in /home/devbox/project/utils/logger.py:23]
2024-12-11 09:51:13,933 INFO: 艺术生志愿填报系统启动 [in /home/devbox/project/utils/logger.py:23]
2024-12-11 09:51:17,267 ERROR: 获取学校列表失败: 'NoneType' object has no attribute 'schools' [in /home/devbox/project/routes/schools.py:19]
2024-12-11 09:51:24,646 ERROR: 获取学校列表失败: 'NoneType' object has no attribute 'schools' [in /home/devbox/project/routes/schools.py:19]
2024-12-11 09:57:38,755 INFO: 艺术生志愿填报系统启动 [in /home/devbox/project/utils/logger.py:23]
2024-12-11 09:58:23,217 INFO: 艺术生志愿填报系统启动 [in /home/devbox/project/utils/logger.py:23]
2024-12-11 10:08:56,534 INFO: 艺术生志愿填报系统启动 [in /home/devbox/project/utils/logger.py:23]
2024-12-11 10:09:26,784 INFO: 艺术生志愿填报系统启动 [in /home/devbox/project/utils/logger.py:23]
2024-12-11 10:09:27,141 INFO: 艺术生志愿填报系统启动 [in /home/devbox/project/utils/logger.py:23]
2024-12-11 10:10:23,813 INFO: 艺术生志愿填报系统启动 [in /home/devbox/project/utils/logger.py:23]
2024-12-11 10:11:05,461 INFO: 艺术生志愿填报系统启动 [in /home/devbox/project/utils/logger.py:23]
2024-12-11 10:11:14,952 INFO: 艺术生志愿填报系统启动 [in /home/devbox/project/utils/logger.py:23]
2024-12-11 10:13:53,072 INFO: 艺术生志愿填报系统启动 [in /home/devbox/project/utils/logger.py:23]
2024-12-11 10:15:24,462 INFO: 艺术生志愿填报系统启动 [in /home/devbox/project/utils/logger.py:23]
2024-12-11 10:17:22,430 INFO: 艺术生志愿填报系统启动 [in /home/devbox/project/utils/logger.py:23]
2024-12-11 10:18:16,090 INFO: 艺术生志愿填报系统启动 [in /home/devbox/project/utils/logger.py:23]
2024-12-11 10:26:18,653 INFO: 艺术生志愿填报系统启动 [in /home/devbox/project/utils/logger.py:23]
2024-12-11 10:45:38,325 INFO: 艺术生志愿填报系统启动 [in /home/devbox/project/utils/logger.py:23]
